app/build/outputs/logs/manifest-merger-debug-report.txt
-- Merging decision tree log ---
manifest
ADDED from AndroidManifest.xml:1:1
	package
		ADDED from AndroidManifest.xml:2:9
		INJECTED from AndroidManifest.xml:0:0
		INJECTED from AndroidManifest.xml:0:0
	xmlns:android
		ADDED from AndroidManifest.xml:1:11
application
ADDED from AndroidManifest.xml:3:5
	android:label
		ADDED from AndroidManifest.xml:3:18
service#com.example.android.softkeyboard.SoftKeyboard
ADDED from AndroidManifest.xml:4:9
	android:permission
		ADDED from AndroidManifest.xml:5:17
	android:name
		ADDED from AndroidManifest.xml:4:18
intent-filter#android.view.InputMethod
ADDED from AndroidManifest.xml:6:13
action#android.view.InputMethod
ADDED from AndroidManifest.xml:7:17
	android:name
		ADDED from AndroidManifest.xml:7:25
meta-data#android.view.im
ADDED from AndroidManifest.xml:9:13
	android:resource
		ADDED from AndroidManifest.xml:9:55
	android:name
		ADDED from AndroidManifest.xml:9:24
activity#com.example.android.softkeyboard.ImePreferences
ADDED from AndroidManifest.xml:12:9
	android:label
		ADDED from AndroidManifest.xml:14:13
	android:name
		ADDED from AndroidManifest.xml:13:13
intent-filter#android.intent.action.MAIN+android.intent.category.LAUNCHER
ADDED from AndroidManifest.xml:15:13
action#android.intent.action.MAIN
ADDED from AndroidManifest.xml:16:17
	android:name
		ADDED from AndroidManifest.xml:16:25
category#android.intent.category.LAUNCHER
ADDED from AndroidManifest.xml:17:17
	android:name
		ADDED from AndroidManifest.xml:17:27
uses-sdk
INJECTED from AndroidManifest.xml:0:0 reason: use-sdk injection requested
	android:targetSdkVersion
		INJECTED from AndroidManifest.xml:0:0
		INJECTED from AndroidManifest.xml:0:0
	android:minSdkVersion
		INJECTED from AndroidManifest.xml:0:0
		INJECTED from AndroidManifest.xml:0:0